{"/home/kamil/Projects/Lunaris/Lunaris-bot/src/types/client.ts": {"path":"/home/kamil/Projects/Lunaris/Lunaris-bot/src/types/client.ts","statementMap":{"0":{"start":{"line":1,"column":0},"end":{"line":1,"column":80}},"1":{"start":{"line":25,"column":4},"end":{"line":25,"column":19}},"2":{"start":{"line":12,"column":9},"end":{"line":12,"column":null}},"3":{"start":{"line":13,"column":9},"end":{"line":16,"column":null}},"4":{"start":{"line":17,"column":10},"end":{"line":17,"column":60}},"5":{"start":{"line":18,"column":10},"end":{"line":18,"column":56}},"6":{"start":{"line":19,"column":10},"end":{"line":19,"column":58}},"7":{"start":{"line":20,"column":10},"end":{"line":20,"column":75}},"8":{"start":{"line":21,"column":10},"end":{"line":21,"column":67}},"9":{"start":{"line":22,"column":10},"end":{"line":22,"column":73}},"10":{"start":{"line":28,"column":52},"end":{"line":28,"column":74}},"11":{"start":{"line":29,"column":48},"end":{"line":29,"column":68}},"12":{"start":{"line":30,"column":50},"end":{"line":30,"column":71}},"13":{"start":{"line":31,"column":67},"end":{"line":31,"column":93}},"14":{"start":{"line":32,"column":59},"end":{"line":32,"column":81}},"15":{"start":{"line":33,"column":65},"end":{"line":33,"column":91}},"16":{"start":{"line":10,"column":0},"end":{"line":10,"column":21}}},"fnMap":{"0":{"name":"(anonymous_0)","decl":{"start":{"line":24,"column":2},"end":{"line":24,"column":14}},"loc":{"start":{"line":24,"column":36},"end":{"line":26,"column":3}}},"1":{"name":"(anonymous_1)","decl":{"start":{"line":28,"column":2},"end":{"line":28,"column":6}},"loc":{"start":{"line":28,"column":14},"end":{"line":28,"column":76}}},"2":{"name":"(anonymous_2)","decl":{"start":{"line":29,"column":2},"end":{"line":29,"column":6}},"loc":{"start":{"line":29,"column":12},"end":{"line":29,"column":70}}},"3":{"name":"(anonymous_3)","decl":{"start":{"line":30,"column":2},"end":{"line":30,"column":6}},"loc":{"start":{"line":30,"column":13},"end":{"line":30,"column":73}}},"4":{"name":"(anonymous_4)","decl":{"start":{"line":31,"column":2},"end":{"line":31,"column":6}},"loc":{"start":{"line":31,"column":18},"end":{"line":31,"column":95}}},"5":{"name":"(anonymous_5)","decl":{"start":{"line":32,"column":2},"end":{"line":32,"column":6}},"loc":{"start":{"line":32,"column":14},"end":{"line":32,"column":83}}},"6":{"name":"(anonymous_6)","decl":{"start":{"line":33,"column":2},"end":{"line":33,"column":6}},"loc":{"start":{"line":33,"column":18},"end":{"line":33,"column":93}}}},"branchMap":{},"s":{"0":1,"1":1,"2":1,"3":1,"4":1,"5":1,"6":1,"7":1,"8":1,"9":1,"10":0,"11":0,"12":0,"13":0,"14":0,"15":0,"16":1},"f":{"0":1,"1":0,"2":0,"3":0,"4":0,"5":0,"6":0},"b":{}}
,"/home/kamil/Projects/Lunaris/Lunaris-bot/src/utils/utils.ts": {"path":"/home/kamil/Projects/Lunaris/Lunaris-bot/src/utils/utils.ts","statementMap":{"0":{"start":{"line":3,"column":0},"end":{"line":3,"column":24}},"1":{"start":{"line":4,"column":0},"end":{"line":4,"column":19}},"2":{"start":{"line":6,"column":13},"end":{"line":6,"column":48}},"3":{"start":{"line":16,"column":13},"end":{"line":22,"column":null}},"4":{"start":{"line":25,"column":4},"end":{"line":25,"column":21}},"5":{"start":{"line":25,"column":14},"end":{"line":25,"column":21}},"6":{"start":{"line":26,"column":4},"end":{"line":29,"column":null}},"7":{"start":{"line":30,"column":4},"end":{"line":35,"column":null}},"8":{"start":{"line":24,"column":0},"end":{"line":24,"column":16}},"9":{"start":{"line":39,"column":25},"end":{"line":39,"column":41}},"10":{"start":{"line":40,"column":4},"end":{"line":44,"column":null}},"11":{"start":{"line":40,"column":17},"end":{"line":40,"column":18}},"12":{"start":{"line":41,"column":18},"end":{"line":41,"column":28}},"13":{"start":{"line":42,"column":6},"end":{"line":42,"column":null}},"14":{"start":{"line":42,"column":25},"end":{"line":42,"column":null}},"15":{"start":{"line":43,"column":6},"end":{"line":43,"column":21}},"16":{"start":{"line":45,"column":4},"end":{"line":50,"column":null}},"17":{"start":{"line":46,"column":8},"end":{"line":46,"column":62}},"18":{"start":{"line":46,"column":55},"end":{"line":46,"column":62}},"19":{"start":{"line":47,"column":8},"end":{"line":47,"column":null}},"20":{"start":{"line":49,"column":8},"end":{"line":49,"column":null}},"21":{"start":{"line":38,"column":0},"end":{"line":38,"column":16}},"22":{"start":{"line":54,"column":4},"end":{"line":54,"column":null}},"23":{"start":{"line":54,"column":36},"end":{"line":54,"column":null}},"24":{"start":{"line":55,"column":4},"end":{"line":55,"column":null}},"25":{"start":{"line":53,"column":0},"end":{"line":53,"column":16}},"26":{"start":{"line":59,"column":4},"end":{"line":60,"column":null}},"27":{"start":{"line":58,"column":0},"end":{"line":58,"column":16}},"28":{"start":{"line":64,"column":21},"end":{"line":64,"column":56}},"29":{"start":{"line":65,"column":15},"end":{"line":65,"column":39}},"30":{"start":{"line":66,"column":23},"end":{"line":69,"column":24}},"31":{"start":{"line":67,"column":21},"end":{"line":67,"column":60}},"32":{"start":{"line":68,"column":8},"end":{"line":68,"column":null}},"33":{"start":{"line":69,"column":19},"end":{"line":69,"column":23}},"34":{"start":{"line":71,"column":4},"end":{"line":71,"column":null}},"35":{"start":{"line":73,"column":4},"end":{"line":73,"column":null}},"36":{"start":{"line":73,"column":41},"end":{"line":73,"column":60}},"37":{"start":{"line":63,"column":0},"end":{"line":63,"column":16}}},"fnMap":{"0":{"name":"setActivity","decl":{"start":{"line":24,"column":16},"end":{"line":24,"column":27}},"loc":{"start":{"line":24,"column":96},"end":{"line":36,"column":1}}},"1":{"name":"assignNestedObjects","decl":{"start":{"line":38,"column":16},"end":{"line":38,"column":35}},"loc":{"start":{"line":38,"column":75},"end":{"line":51,"column":1}}},"2":{"name":"capitalize","decl":{"start":{"line":53,"column":16},"end":{"line":53,"column":26}},"loc":{"start":{"line":53,"column":41},"end":{"line":56,"column":1}}},"3":{"name":"convertLargeNumbers","decl":{"start":{"line":58,"column":16},"end":{"line":58,"column":35}},"loc":{"start":{"line":58,"column":50},"end":{"line":61,"column":1}}},"4":{"name":"getCommandCategories","decl":{"start":{"line":63,"column":16},"end":{"line":63,"column":36}},"loc":{"start":{"line":63,"column":36},"end":{"line":74,"column":1}}},"5":{"name":"(anonymous_6)","decl":{"start":{"line":66,"column":36},"end":{"line":66,"column":40}},"loc":{"start":{"line":66,"column":43},"end":{"line":69,"column":5}}},"6":{"name":"(anonymous_7)","decl":{"start":{"line":69,"column":11},"end":{"line":69,"column":15}},"loc":{"start":{"line":69,"column":19},"end":{"line":69,"column":23}}},"7":{"name":"(anonymous_8)","decl":{"start":{"line":73,"column":29},"end":{"line":73,"column":37}},"loc":{"start":{"line":73,"column":41},"end":{"line":73,"column":60}}}},"branchMap":{"0":{"loc":{"start":{"line":25,"column":4},"end":{"line":25,"column":21}},"type":"if","locations":[{"start":{"line":25,"column":4},"end":{"line":25,"column":21}}]},"1":{"loc":{"start":{"line":42,"column":6},"end":{"line":42,"column":null}},"type":"if","locations":[{"start":{"line":42,"column":6},"end":{"line":42,"column":null}}]},"2":{"loc":{"start":{"line":45,"column":4},"end":{"line":50,"column":null}},"type":"if","locations":[{"start":{"line":45,"column":4},"end":{"line":50,"column":null}},{"start":{"line":48,"column":11},"end":{"line":50,"column":null}}]},"3":{"loc":{"start":{"line":46,"column":8},"end":{"line":46,"column":62}},"type":"if","locations":[{"start":{"line":46,"column":8},"end":{"line":46,"column":62}}]},"4":{"loc":{"start":{"line":54,"column":4},"end":{"line":54,"column":null}},"type":"if","locations":[{"start":{"line":54,"column":4},"end":{"line":54,"column":null}}]},"5":{"loc":{"start":{"line":59,"column":11},"end":{"line":60,"column":77}},"type":"cond-expr","locations":[{"start":{"line":59,"column":31},"end":{"line":59,"column":79}},{"start":{"line":60,"column":8},"end":{"line":60,"column":77}}]},"6":{"loc":{"start":{"line":60,"column":8},"end":{"line":60,"column":77}},"type":"cond-expr","locations":[{"start":{"line":60,"column":25},"end":{"line":60,"column":68}},{"start":{"line":60,"column":71},"end":{"line":60,"column":77}}]}},"s":{"0":1,"1":1,"2":1,"3":1,"4":3,"5":1,"6":2,"7":2,"8":1,"9":4,"10":4,"11":4,"12":4,"13":4,"14":2,"15":4,"16":4,"17":2,"18":1,"19":1,"20":2,"21":1,"22":5,"23":1,"24":4,"25":1,"26":6,"27":1,"28":1,"29":1,"30":1,"31":5,"32":5,"33":5,"34":1,"35":1,"36":6,"37":1},"f":{"0":3,"1":4,"2":5,"3":6,"4":1,"5":5,"6":5,"7":6},"b":{"0":[1],"1":[2],"2":[2,2],"3":[1],"4":[1],"5":[2,4],"6":[3,1]}}
,"/home/kamil/Projects/Lunaris/Lunaris-bot/src/utils/Formatters/Formatter.ts": {"path":"/home/kamil/Projects/Lunaris/Lunaris-bot/src/utils/Formatters/Formatter.ts","statementMap":{"0":{"start":{"line":1,"column":0},"end":{"line":1,"column":52}},"1":{"start":{"line":2,"column":0},"end":{"line":2,"column":61}},"2":{"start":{"line":21,"column":13},"end":{"line":212,"column":null}},"3":{"start":{"line":214,"column":14},"end":{"line":214,"column":34}},"4":{"start":{"line":217,"column":18},"end":{"line":217,"column":37}},"5":{"start":{"line":218,"column":4},"end":{"line":218,"column":null}},"6":{"start":{"line":218,"column":15},"end":{"line":218,"column":null}},"7":{"start":{"line":220,"column":4},"end":{"line":232,"column":null}},"8":{"start":{"line":221,"column":8},"end":{"line":224,"column":10}},"9":{"start":{"line":222,"column":12},"end":{"line":223,"column":101}},"10":{"start":{"line":226,"column":26},"end":{"line":226,"column":60}},"11":{"start":{"line":227,"column":35},"end":{"line":227,"column":159}},"12":{"start":{"line":227,"column":70},"end":{"line":227,"column":157}},"13":{"start":{"line":228,"column":8},"end":{"line":228,"column":null}},"14":{"start":{"line":228,"column":51},"end":{"line":228,"column":null}},"15":{"start":{"line":229,"column":8},"end":{"line":229,"column":null}},"16":{"start":{"line":229,"column":55},"end":{"line":229,"column":null}},"17":{"start":{"line":230,"column":8},"end":{"line":230,"column":null}},"18":{"start":{"line":230,"column":50},"end":{"line":230,"column":null}},"19":{"start":{"line":231,"column":8},"end":{"line":231,"column":null}},"20":{"start":{"line":231,"column":49},"end":{"line":231,"column":null}},"21":{"start":{"line":234,"column":4},"end":{"line":234,"column":null}},"22":{"start":{"line":216,"column":0},"end":{"line":216,"column":24}},"23":{"start":{"line":238,"column":21},"end":{"line":238,"column":89}},"24":{"start":{"line":238,"column":68},"end":{"line":238,"column":77}},"25":{"start":{"line":239,"column":4},"end":{"line":240,"column":null}},"26":{"start":{"line":242,"column":4},"end":{"line":242,"column":null}},"27":{"start":{"line":246,"column":22},"end":{"line":246,"column":120}},"28":{"start":{"line":247,"column":21},"end":{"line":247,"column":89}},"29":{"start":{"line":247,"column":68},"end":{"line":247,"column":77}},"30":{"start":{"line":248,"column":4},"end":{"line":249,"column":null}},"31":{"start":{"line":251,"column":4},"end":{"line":251,"column":null}},"32":{"start":{"line":255,"column":21},"end":{"line":255,"column":89}},"33":{"start":{"line":255,"column":68},"end":{"line":255,"column":77}},"34":{"start":{"line":256,"column":4},"end":{"line":256,"column":null}},"35":{"start":{"line":256,"column":37},"end":{"line":256,"column":null}},"36":{"start":{"line":257,"column":20},"end":{"line":260,"column":15}},"37":{"start":{"line":261,"column":4},"end":{"line":261,"column":null}},"38":{"start":{"line":263,"column":4},"end":{"line":263,"column":null}},"39":{"start":{"line":267,"column":4},"end":{"line":267,"column":null}},"40":{"start":{"line":267,"column":34},"end":{"line":267,"column":null}},"41":{"start":{"line":268,"column":21},"end":{"line":268,"column":63}},"42":{"start":{"line":269,"column":4},"end":{"line":269,"column":null}},"43":{"start":{"line":269,"column":18},"end":{"line":269,"column":null}},"44":{"start":{"line":270,"column":4},"end":{"line":270,"column":null}},"45":{"start":{"line":272,"column":4},"end":{"line":272,"column":null}}},"fnMap":{"0":{"name":"TextFormatter","decl":{"start":{"line":216,"column":24},"end":{"line":216,"column":37}},"loc":{"start":{"line":216,"column":75},"end":{"line":235,"column":1}}},"1":{"name":"(anonymous_1)","decl":{"start":{"line":220,"column":17},"end":{"line":220,"column":22}},"loc":{"start":{"line":221,"column":8},"end":{"line":224,"column":10}}},"2":{"name":"(anonymous_2)","decl":{"start":{"line":221,"column":41},"end":{"line":221,"column":47}},"loc":{"start":{"line":222,"column":12},"end":{"line":223,"column":101}}},"3":{"name":"(anonymous_3)","decl":{"start":{"line":225,"column":14},"end":{"line":225,"column":19}},"loc":{"start":{"line":225,"column":22},"end":{"line":232,"column":5}}},"4":{"name":"(anonymous_4)","decl":{"start":{"line":227,"column":60},"end":{"line":227,"column":66}},"loc":{"start":{"line":227,"column":70},"end":{"line":227,"column":157}}},"5":{"name":"formatVariable","decl":{"start":{"line":237,"column":9},"end":{"line":237,"column":23}},"loc":{"start":{"line":237,"column":99},"end":{"line":243,"column":1}}},"6":{"name":"(anonymous_6)","decl":{"start":{"line":238,"column":55},"end":{"line":238,"column":56}},"loc":{"start":{"line":238,"column":68},"end":{"line":238,"column":77}}},"7":{"name":"formatVariableDate","decl":{"start":{"line":245,"column":9},"end":{"line":245,"column":27}},"loc":{"start":{"line":245,"column":103},"end":{"line":252,"column":1}}},"8":{"name":"(anonymous_8)","decl":{"start":{"line":247,"column":55},"end":{"line":247,"column":56}},"loc":{"start":{"line":247,"column":68},"end":{"line":247,"column":77}}},"9":{"name":"formatMention","decl":{"start":{"line":254,"column":9},"end":{"line":254,"column":22}},"loc":{"start":{"line":254,"column":98},"end":{"line":264,"column":1}}},"10":{"name":"(anonymous_10)","decl":{"start":{"line":255,"column":55},"end":{"line":255,"column":56}},"loc":{"start":{"line":255,"column":68},"end":{"line":255,"column":77}}},"11":{"name":"formatCustom","decl":{"start":{"line":266,"column":9},"end":{"line":266,"column":21}},"loc":{"start":{"line":266,"column":97},"end":{"line":273,"column":1}}}},"branchMap":{"0":{"loc":{"start":{"line":218,"column":4},"end":{"line":218,"column":null}},"type":"if","locations":[{"start":{"line":218,"column":4},"end":{"line":218,"column":null}}]},"1":{"loc":{"start":{"line":222,"column":12},"end":{"line":223,"column":101}},"type":"binary-expr","locations":[{"start":{"line":222,"column":12},"end":{"line":222,"column":62}},{"start":{"line":223,"column":16},"end":{"line":223,"column":46}},{"start":{"line":223,"column":50},"end":{"line":223,"column":100}}]},"2":{"loc":{"start":{"line":227,"column":70},"end":{"line":227,"column":157}},"type":"binary-expr","locations":[{"start":{"line":227,"column":70},"end":{"line":227,"column":95}},{"start":{"line":227,"column":99},"end":{"line":227,"column":157}}]},"3":{"loc":{"start":{"line":228,"column":8},"end":{"line":228,"column":null}},"type":"if","locations":[{"start":{"line":228,"column":8},"end":{"line":228,"column":null}}]},"4":{"loc":{"start":{"line":229,"column":8},"end":{"line":229,"column":null}},"type":"if","locations":[{"start":{"line":229,"column":8},"end":{"line":229,"column":null}}]},"5":{"loc":{"start":{"line":230,"column":8},"end":{"line":230,"column":null}},"type":"if","locations":[{"start":{"line":230,"column":8},"end":{"line":230,"column":null}}]},"6":{"loc":{"start":{"line":231,"column":8},"end":{"line":231,"column":null}},"type":"if","locations":[{"start":{"line":231,"column":8},"end":{"line":231,"column":null}}]},"7":{"loc":{"start":{"line":239,"column":35},"end":{"line":240,"column":72}},"type":"cond-expr","locations":[{"start":{"line":239,"column":100},"end":{"line":239,"column":108}},{"start":{"line":240,"column":11},"end":{"line":240,"column":71}}]},"8":{"loc":{"start":{"line":239,"column":36},"end":{"line":239,"column":96}},"type":"binary-expr","locations":[{"start":{"line":239,"column":36},"end":{"line":239,"column":64}},{"start":{"line":239,"column":68},"end":{"line":239,"column":96}}]},"9":{"loc":{"start":{"line":240,"column":11},"end":{"line":240,"column":71}},"type":"cond-expr","locations":[{"start":{"line":240,"column":38},"end":{"line":240,"column":63}},{"start":{"line":240,"column":66},"end":{"line":240,"column":71}}]},"10":{"loc":{"start":{"line":246,"column":22},"end":{"line":246,"column":120}},"type":"binary-expr","locations":[{"start":{"line":246,"column":22},"end":{"line":246,"column":113}},{"start":{"line":246,"column":117},"end":{"line":246,"column":120}}]},"11":{"loc":{"start":{"line":248,"column":35},"end":{"line":249,"column":83}},"type":"cond-expr","locations":[{"start":{"line":248,"column":100},"end":{"line":248,"column":108}},{"start":{"line":249,"column":11},"end":{"line":249,"column":82}}]},"12":{"loc":{"start":{"line":248,"column":36},"end":{"line":248,"column":96}},"type":"binary-expr","locations":[{"start":{"line":248,"column":36},"end":{"line":248,"column":64}},{"start":{"line":248,"column":68},"end":{"line":248,"column":96}}]},"13":{"loc":{"start":{"line":249,"column":11},"end":{"line":249,"column":82}},"type":"cond-expr","locations":[{"start":{"line":249,"column":38},"end":{"line":249,"column":74}},{"start":{"line":249,"column":77},"end":{"line":249,"column":82}}]},"14":{"loc":{"start":{"line":256,"column":4},"end":{"line":256,"column":null}},"type":"if","locations":[{"start":{"line":256,"column":4},"end":{"line":256,"column":null}}]},"15":{"loc":{"start":{"line":257,"column":20},"end":{"line":260,"column":15}},"type":"cond-expr","locations":[{"start":{"line":257,"column":57},"end":{"line":257,"column":99}},{"start":{"line":258,"column":10},"end":{"line":260,"column":15}}]},"16":{"loc":{"start":{"line":258,"column":10},"end":{"line":260,"column":15}},"type":"cond-expr","locations":[{"start":{"line":258,"column":45},"end":{"line":258,"column":77}},{"start":{"line":259,"column":10},"end":{"line":260,"column":15}}]},"17":{"loc":{"start":{"line":259,"column":10},"end":{"line":260,"column":15}},"type":"cond-expr","locations":[{"start":{"line":259,"column":48},"end":{"line":259,"column":83}},{"start":{"line":260,"column":10},"end":{"line":260,"column":15}}]},"18":{"loc":{"start":{"line":267,"column":4},"end":{"line":267,"column":null}},"type":"if","locations":[{"start":{"line":267,"column":4},"end":{"line":267,"column":null}}]},"19":{"loc":{"start":{"line":269,"column":4},"end":{"line":269,"column":null}},"type":"if","locations":[{"start":{"line":269,"column":4},"end":{"line":269,"column":null}}]}},"s":{"0":1,"1":1,"2":1,"3":1,"4":7,"5":7,"6":1,"7":6,"8":12,"9":30,"10":12,"11":12,"12":30,"13":12,"14":12,"15":0,"16":0,"17":0,"18":0,"19":0,"20":0,"21":6,"22":1,"23":12,"24":30,"25":12,"26":12,"27":0,"28":0,"29":0,"30":0,"31":0,"32":0,"33":0,"34":0,"35":0,"36":0,"37":0,"38":0,"39":0,"40":0,"41":0,"42":0,"43":0,"44":0,"45":0},"f":{"0":7,"1":12,"2":30,"3":12,"4":30,"5":12,"6":30,"7":0,"8":0,"9":0,"10":0,"11":0},"b":{"0":[1],"1":[30,18,0],"2":[30,18],"3":[12],"4":[0],"5":[0],"6":[0],"7":[7,5],"8":[12,6],"9":[0,5],"10":[0,0],"11":[0,0],"12":[0,0],"13":[0,0],"14":[0],"15":[0,0],"16":[0,0],"17":[0,0],"18":[0],"19":[0]}}
,"/home/kamil/Projects/Lunaris/Lunaris-bot/src/utils/Formatters/customs.ts": {"path":"/home/kamil/Projects/Lunaris/Lunaris-bot/src/utils/Formatters/customs.ts","statementMap":{"0":{"start":{"line":1,"column":0},"end":{"line":1,"column":53}},"1":{"start":{"line":4,"column":4},"end":{"line":4,"column":null}},"2":{"start":{"line":3,"column":0},"end":{"line":3,"column":16}},"3":{"start":{"line":8,"column":4},"end":{"line":8,"column":null}},"4":{"start":{"line":7,"column":0},"end":{"line":7,"column":16}},"5":{"start":{"line":12,"column":4},"end":{"line":12,"column":null}},"6":{"start":{"line":11,"column":0},"end":{"line":11,"column":16}}},"fnMap":{"0":{"name":"dateNow","decl":{"start":{"line":3,"column":16},"end":{"line":3,"column":23}},"loc":{"start":{"line":3,"column":23},"end":{"line":5,"column":1}}},"1":{"name":"memberAvatar","decl":{"start":{"line":7,"column":16},"end":{"line":7,"column":28}},"loc":{"start":{"line":7,"column":48},"end":{"line":9,"column":1}}},"2":{"name":"serverIcon","decl":{"start":{"line":11,"column":16},"end":{"line":11,"column":26}},"loc":{"start":{"line":11,"column":46},"end":{"line":13,"column":1}}}},"branchMap":{},"s":{"0":1,"1":0,"2":1,"3":0,"4":1,"5":0,"6":1},"f":{"0":0,"1":0,"2":0},"b":{}}
}
