TN:
SF:src/types/client.ts
FN:24,(anonymous_0)
FN:28,(anonymous_1)
FN:29,(anonymous_2)
FN:30,(anonymous_3)
FN:31,(anonymous_4)
FN:32,(anonymous_5)
FN:33,(anonymous_6)
FNF:7
FNH:1
FNDA:1,(anonymous_0)
FNDA:0,(anonymous_1)
FNDA:0,(anonymous_2)
FNDA:0,(anonymous_3)
FNDA:0,(anonymous_4)
FNDA:0,(anonymous_5)
FNDA:0,(anonymous_6)
DA:1,1
DA:10,1
DA:12,1
DA:13,1
DA:17,1
DA:18,1
DA:19,1
DA:20,1
DA:21,1
DA:22,1
DA:25,1
DA:28,0
DA:29,0
DA:30,0
DA:31,0
DA:32,0
DA:33,0
LF:17
LH:11
BRF:0
BRH:0
end_of_record
TN:
SF:src/utils/utils.ts
FN:24,setActivity
FN:38,assignNestedObjects
FN:53,capitalize
FN:58,convertLargeNumbers
FN:63,getCommandCategories
FN:66,(anonymous_6)
FN:69,(anonymous_7)
FN:73,(anonymous_8)
FNF:8
FNH:8
FNDA:3,setActivity
FNDA:4,assignNestedObjects
FNDA:5,capitalize
FNDA:6,convertLargeNumbers
FNDA:1,getCommandCategories
FNDA:5,(anonymous_6)
FNDA:5,(anonymous_7)
FNDA:6,(anonymous_8)
DA:3,1
DA:4,1
DA:6,1
DA:16,1
DA:24,1
DA:25,3
DA:26,2
DA:30,2
DA:38,1
DA:39,4
DA:40,4
DA:41,4
DA:42,4
DA:43,4
DA:45,4
DA:46,2
DA:47,1
DA:49,2
DA:53,1
DA:54,5
DA:55,4
DA:58,1
DA:59,6
DA:63,1
DA:64,1
DA:65,1
DA:66,1
DA:67,5
DA:68,5
DA:69,5
DA:71,1
DA:73,6
LF:32
LH:32
BRDA:25,0,0,1
BRDA:42,1,0,2
BRDA:45,2,0,2
BRDA:45,2,1,2
BRDA:46,3,0,1
BRDA:54,4,0,1
BRDA:59,5,0,2
BRDA:59,5,1,4
BRDA:60,6,0,3
BRDA:60,6,1,1
BRF:10
BRH:10
end_of_record
TN:
SF:src/utils/Formatters/Formatter.ts
FN:216,TextFormatter
FN:220,(anonymous_1)
FN:221,(anonymous_2)
FN:225,(anonymous_3)
FN:227,(anonymous_4)
FN:237,formatVariable
FN:238,(anonymous_6)
FN:245,formatVariableDate
FN:247,(anonymous_8)
FN:254,formatMention
FN:255,(anonymous_10)
FN:266,formatCustom
FNF:12
FNH:7
FNDA:7,TextFormatter
FNDA:12,(anonymous_1)
FNDA:30,(anonymous_2)
FNDA:12,(anonymous_3)
FNDA:30,(anonymous_4)
FNDA:12,formatVariable
FNDA:30,(anonymous_6)
FNDA:0,formatVariableDate
FNDA:0,(anonymous_8)
FNDA:0,formatMention
FNDA:0,(anonymous_10)
FNDA:0,formatCustom
DA:1,1
DA:2,1
DA:21,1
DA:214,1
DA:216,1
DA:217,7
DA:218,7
DA:220,6
DA:221,12
DA:222,30
DA:226,12
DA:227,30
DA:228,12
DA:229,0
DA:230,0
DA:231,0
DA:234,6
DA:238,30
DA:239,12
DA:242,12
DA:246,0
DA:247,0
DA:248,0
DA:251,0
DA:255,0
DA:256,0
DA:257,0
DA:261,0
DA:263,0
DA:267,0
DA:268,0
DA:269,0
DA:270,0
DA:272,0
LF:34
LH:17
BRDA:218,0,0,1
BRDA:222,1,0,30
BRDA:222,1,1,18
BRDA:222,1,2,0
BRDA:227,2,0,30
BRDA:227,2,1,18
BRDA:228,3,0,12
BRDA:229,4,0,0
BRDA:230,5,0,0
BRDA:231,6,0,0
BRDA:239,7,0,7
BRDA:239,7,1,5
BRDA:239,8,0,12
BRDA:239,8,1,6
BRDA:240,9,0,0
BRDA:240,9,1,5
BRDA:246,10,0,0
BRDA:246,10,1,0
BRDA:248,11,0,0
BRDA:248,11,1,0
BRDA:248,12,0,0
BRDA:248,12,1,0
BRDA:249,13,0,0
BRDA:249,13,1,0
BRDA:256,14,0,0
BRDA:257,15,0,0
BRDA:257,15,1,0
BRDA:258,16,0,0
BRDA:258,16,1,0
BRDA:259,17,0,0
BRDA:259,17,1,0
BRDA:267,18,0,0
BRDA:269,19,0,0
BRF:33
BRH:11
end_of_record
TN:
SF:src/utils/Formatters/customs.ts
FN:3,dateNow
FN:7,memberAvatar
FN:11,serverIcon
FNF:3
FNH:0
FNDA:0,dateNow
FNDA:0,memberAvatar
FNDA:0,serverIcon
DA:1,1
DA:3,1
DA:4,0
DA:7,1
DA:8,0
DA:11,1
DA:12,0
LF:7
LH:4
BRF:0
BRH:0
end_of_record
